2013-02-22 22:55:17 Error: [MissingControllerException] Controller class EmploymentController could not be found.
#0 C:\xampp\htdocs\Graph\app\webroot\index.php(97): Dispatcher->dispatch(Object(CakeRequest), Object(CakeResponse))
#1 {main}
2013-02-22 22:55:46 Error: [MissingControllerException] Controller class EmploymentController could not be found.
#0 C:\xampp\htdocs\Graph\app\webroot\index.php(97): Dispatcher->dispatch(Object(CakeRequest), Object(CakeResponse))
#1 {main}
2013-02-22 22:55:47 Error: [MissingControllerException] Controller class EmploymentController could not be found.
#0 C:\xampp\htdocs\Graph\app\webroot\index.php(97): Dispatcher->dispatch(Object(CakeRequest), Object(CakeResponse))
#1 {main}
2013-02-22 22:55:48 Error: [MissingControllerException] Controller class EmploymentController could not be found.
#0 C:\xampp\htdocs\Graph\app\webroot\index.php(97): Dispatcher->dispatch(Object(CakeRequest), Object(CakeResponse))
#1 {main}
2013-02-22 22:55:48 Error: [MissingControllerException] Controller class EmploymentController could not be found.
#0 C:\xampp\htdocs\Graph\app\webroot\index.php(97): Dispatcher->dispatch(Object(CakeRequest), Object(CakeResponse))
#1 {main}
2013-02-22 22:55:48 Error: [MissingControllerException] Controller class EmploymentController could not be found.
#0 C:\xampp\htdocs\Graph\app\webroot\index.php(97): Dispatcher->dispatch(Object(CakeRequest), Object(CakeResponse))
#1 {main}
2013-02-22 22:55:48 Error: [MissingControllerException] Controller class EmploymentController could not be found.
#0 C:\xampp\htdocs\Graph\app\webroot\index.php(97): Dispatcher->dispatch(Object(CakeRequest), Object(CakeResponse))
#1 {main}
2013-02-22 22:55:49 Error: [MissingControllerException] Controller class EmploymentController could not be found.
#0 C:\xampp\htdocs\Graph\app\webroot\index.php(97): Dispatcher->dispatch(Object(CakeRequest), Object(CakeResponse))
#1 {main}
2013-02-22 22:55:49 Error: [MissingControllerException] Controller class EmploymentController could not be found.
#0 C:\xampp\htdocs\Graph\app\webroot\index.php(97): Dispatcher->dispatch(Object(CakeRequest), Object(CakeResponse))
#1 {main}
2013-02-22 22:58:37 Error: [MissingViewException] View file "C:\xampp\htdocs\Graph\app\View\Employments\index.ctp" is missing.
#0 C:\xampp\htdocs\Graph\lib\Cake\View\View.php(467): View->_getViewFileName(NULL)
#1 C:\xampp\htdocs\Graph\lib\Cake\Controller\Controller.php(955): View->render(NULL, NULL)
#2 C:\xampp\htdocs\Graph\lib\Cake\Routing\Dispatcher.php(193): Controller->render()
#3 C:\xampp\htdocs\Graph\lib\Cake\Routing\Dispatcher.php(161): Dispatcher->_invoke(Object(EmploymentsController), Object(CakeRequest), Object(CakeResponse))
#4 C:\xampp\htdocs\Graph\app\webroot\index.php(97): Dispatcher->dispatch(Object(CakeRequest), Object(CakeResponse))
#5 {main}
2013-02-22 23:30:12 Error: Fatal Error (4): syntax error, unexpected 'echo' (T_ECHO) in [C:\xampp\htdocs\Graph\app\View\Employments\index.ctp, line 17]
2013-02-22 23:30:12 Error: [FatalErrorException] syntax error, unexpected 'echo' (T_ECHO)
#0 C:\xampp\htdocs\Graph\lib\Cake\Error\ErrorHandler.php(161): ErrorHandler::handleFatalError(4, 'syntax error, u...', 'C:\xampp\htdocs...', 17)
#1 [internal function]: ErrorHandler::handleError(4, 'syntax error, u...', 'C:\xampp\htdocs...', 17, Array)
#2 C:\xampp\htdocs\Graph\lib\Cake\Core\App.php(926): call_user_func('ErrorHandler::h...', 4, 'syntax error, u...', 'C:\xampp\htdocs...', 17, Array)
#3 C:\xampp\htdocs\Graph\lib\Cake\Core\App.php(899): App::_checkFatalError()
#4 [internal function]: App::shutdown()
#5 {main}
2013-03-14 22:55:29 Error: [MissingControllerException] Controller class UsersController could not be found.
#0 C:\xampp\htdocs\Graph\app\webroot\index.php(97): Dispatcher->dispatch(Object(CakeRequest), Object(CakeResponse))
#1 {main}
2013-03-15 00:11:48 Error: Fatal Error (4): syntax error, unexpected '=>' (T_DOUBLE_ARROW), expecting ')' in [C:\xampp\htdocs\Graph\app\Model\User.php, line 40]
2013-03-15 00:11:48 Error: [FatalErrorException] syntax error, unexpected '=>' (T_DOUBLE_ARROW), expecting ')'
#0 C:\xampp\htdocs\Graph\lib\Cake\Error\ErrorHandler.php(161): ErrorHandler::handleFatalError(4, 'syntax error, u...', 'C:\xampp\htdocs...', 40)
#1 [internal function]: ErrorHandler::handleError(4, 'syntax error, u...', 'C:\xampp\htdocs...', 40, Array)
#2 C:\xampp\htdocs\Graph\lib\Cake\Core\App.php(926): call_user_func('ErrorHandler::h...', 4, 'syntax error, u...', 'C:\xampp\htdocs...', 40, Array)
#3 C:\xampp\htdocs\Graph\lib\Cake\Core\App.php(899): App::_checkFatalError()
#4 [internal function]: App::shutdown()
#5 {main}
2013-03-15 23:39:55 Error: [MissingControllerException] Controller class SignupController could not be found.
#0 C:\xampp\htdocs\Graph\app\webroot\index.php(97): Dispatcher->dispatch(Object(CakeRequest), Object(CakeResponse))
#1 {main}
2013-03-15 23:40:07 Error: [MissingControllerException] Controller class JoinController could not be found.
#0 C:\xampp\htdocs\Graph\app\webroot\index.php(97): Dispatcher->dispatch(Object(CakeRequest), Object(CakeResponse))
#1 {main}
2013-03-15 23:40:30 Error: [MissingControllerException] Controller class JoinController could not be found.
#0 C:\xampp\htdocs\Graph\app\webroot\index.php(97): Dispatcher->dispatch(Object(CakeRequest), Object(CakeResponse))
#1 {main}
2013-03-15 23:40:32 Error: [MissingControllerException] Controller class JoinController could not be found.
#0 C:\xampp\htdocs\Graph\app\webroot\index.php(97): Dispatcher->dispatch(Object(CakeRequest), Object(CakeResponse))
#1 {main}
2013-03-15 23:45:30 Error: [MissingActionException] Action UsersController::add() could not be found.
#0 C:\xampp\htdocs\Graph\lib\Cake\Routing\Dispatcher.php(186): Controller->invokeAction(Object(CakeRequest))
#1 C:\xampp\htdocs\Graph\lib\Cake\Routing\Dispatcher.php(161): Dispatcher->_invoke(Object(UsersController), Object(CakeRequest), Object(CakeResponse))
#2 C:\xampp\htdocs\Graph\app\webroot\index.php(97): Dispatcher->dispatch(Object(CakeRequest), Object(CakeResponse))
#3 {main}
2013-03-15 23:45:57 Error: Fatal Error (1): Call to a member function create() on a non-object in [C:\xampp\htdocs\Graph\app\Controller\UsersController.php, line 44]
2013-03-15 23:45:57 Error: [FatalErrorException] Call to a member function create() on a non-object
#0 C:\xampp\htdocs\Graph\lib\Cake\Error\ErrorHandler.php(161): ErrorHandler::handleFatalError(1, 'Call to a membe...', 'C:\xampp\htdocs...', 44)
#1 [internal function]: ErrorHandler::handleError(1, 'Call to a membe...', 'C:\xampp\htdocs...', 44, Array)
#2 C:\xampp\htdocs\Graph\lib\Cake\Core\App.php(926): call_user_func('ErrorHandler::h...', 1, 'Call to a membe...', 'C:\xampp\htdocs...', 44, Array)
#3 C:\xampp\htdocs\Graph\lib\Cake\Core\App.php(899): App::_checkFatalError()
#4 [internal function]: App::shutdown()
#5 {main}
2013-03-16 00:04:36 Error: [MissingActionException] Action UsersController::setup() could not be found.
#0 C:\xampp\htdocs\Graph\lib\Cake\Routing\Dispatcher.php(186): Controller->invokeAction(Object(CakeRequest))
#1 C:\xampp\htdocs\Graph\lib\Cake\Routing\Dispatcher.php(161): Dispatcher->_invoke(Object(UsersController), Object(CakeRequest), Object(CakeResponse))
#2 C:\xampp\htdocs\Graph\app\webroot\index.php(97): Dispatcher->dispatch(Object(CakeRequest), Object(CakeResponse))
#3 {main}
2013-03-16 00:05:11 Error: [MissingActionException] Action UsersController::setup() could not be found.
#0 C:\xampp\htdocs\Graph\lib\Cake\Routing\Dispatcher.php(186): Controller->invokeAction(Object(CakeRequest))
#1 C:\xampp\htdocs\Graph\lib\Cake\Routing\Dispatcher.php(161): Dispatcher->_invoke(Object(UsersController), Object(CakeRequest), Object(CakeResponse))
#2 C:\xampp\htdocs\Graph\app\webroot\index.php(97): Dispatcher->dispatch(Object(CakeRequest), Object(CakeResponse))
#3 {main}
2013-03-16 00:11:26 Error: Fatal Error (4): syntax error, unexpected ';', expecting ')' in [C:\xampp\htdocs\Graph\app\Model\User.php, line 63]
2013-03-16 00:11:26 Error: [FatalErrorException] syntax error, unexpected ';', expecting ')'
#0 C:\xampp\htdocs\Graph\lib\Cake\Error\ErrorHandler.php(161): ErrorHandler::handleFatalError(4, 'syntax error, u...', 'C:\xampp\htdocs...', 63)
#1 [internal function]: ErrorHandler::handleError(4, 'syntax error, u...', 'C:\xampp\htdocs...', 63, Array)
#2 C:\xampp\htdocs\Graph\lib\Cake\Core\App.php(926): call_user_func('ErrorHandler::h...', 4, 'syntax error, u...', 'C:\xampp\htdocs...', 63, Array)
#3 C:\xampp\htdocs\Graph\lib\Cake\Core\App.php(899): App::_checkFatalError()
#4 [internal function]: App::shutdown()
#5 {main}
2013-03-16 00:16:32 Error: Fatal Error (4): syntax error, unexpected ''message'' (T_CONSTANT_ENCAPSED_STRING), expecting ')' in [C:\xampp\htdocs\Graph\app\Model\User.php, line 46]
2013-03-16 00:16:32 Error: [FatalErrorException] syntax error, unexpected ''message'' (T_CONSTANT_ENCAPSED_STRING), expecting ')'
#0 C:\xampp\htdocs\Graph\lib\Cake\Error\ErrorHandler.php(161): ErrorHandler::handleFatalError(4, 'syntax error, u...', 'C:\xampp\htdocs...', 46)
#1 [internal function]: ErrorHandler::handleError(4, 'syntax error, u...', 'C:\xampp\htdocs...', 46, Array)
#2 C:\xampp\htdocs\Graph\lib\Cake\Core\App.php(926): call_user_func('ErrorHandler::h...', 4, 'syntax error, u...', 'C:\xampp\htdocs...', 46, Array)
#3 C:\xampp\htdocs\Graph\lib\Cake\Core\App.php(899): App::_checkFatalError()
#4 [internal function]: App::shutdown()
#5 {main}
2013-03-16 00:44:41 Error: Fatal Error (4): syntax error, unexpected '*' in [C:\xampp\htdocs\Graph\app\Controller\UsersController.php, line 4]
2013-03-16 00:44:41 Error: [FatalErrorException] syntax error, unexpected '*'
#0 C:\xampp\htdocs\Graph\lib\Cake\Error\ErrorHandler.php(161): ErrorHandler::handleFatalError(4, 'syntax error, u...', 'C:\xampp\htdocs...', 4)
#1 [internal function]: ErrorHandler::handleError(4, 'syntax error, u...', 'C:\xampp\htdocs...', 4, Array)
#2 C:\xampp\htdocs\Graph\lib\Cake\Core\App.php(926): call_user_func('ErrorHandler::h...', 4, 'syntax error, u...', 'C:\xampp\htdocs...', 4, Array)
#3 C:\xampp\htdocs\Graph\lib\Cake\Core\App.php(899): App::_checkFatalError()
#4 [internal function]: App::shutdown()
#5 {main}
2013-03-16 00:44:52 Error: Fatal Error (4): syntax error, unexpected '*' in [C:\xampp\htdocs\Graph\app\Controller\UsersController.php, line 4]
2013-03-16 00:44:52 Error: [FatalErrorException] syntax error, unexpected '*'
#0 C:\xampp\htdocs\Graph\lib\Cake\Error\ErrorHandler.php(161): ErrorHandler::handleFatalError(4, 'syntax error, u...', 'C:\xampp\htdocs...', 4)
#1 [internal function]: ErrorHandler::handleError(4, 'syntax error, u...', 'C:\xampp\htdocs...', 4, Array)
#2 C:\xampp\htdocs\Graph\lib\Cake\Core\App.php(926): call_user_func('ErrorHandler::h...', 4, 'syntax error, u...', 'C:\xampp\htdocs...', 4, Array)
#3 C:\xampp\htdocs\Graph\lib\Cake\Core\App.php(899): App::_checkFatalError()
#4 [internal function]: App::shutdown()
#5 {main}
2013-03-16 00:45:08 Error: Fatal Error (4): syntax error, unexpected '*' in [C:\xampp\htdocs\Graph\app\Controller\UsersController.php, line 4]
2013-03-16 00:45:08 Error: [FatalErrorException] syntax error, unexpected '*'
#0 C:\xampp\htdocs\Graph\lib\Cake\Error\ErrorHandler.php(161): ErrorHandler::handleFatalError(4, 'syntax error, u...', 'C:\xampp\htdocs...', 4)
#1 [internal function]: ErrorHandler::handleError(4, 'syntax error, u...', 'C:\xampp\htdocs...', 4, Array)
#2 C:\xampp\htdocs\Graph\lib\Cake\Core\App.php(926): call_user_func('ErrorHandler::h...', 4, 'syntax error, u...', 'C:\xampp\htdocs...', 4, Array)
#3 C:\xampp\htdocs\Graph\lib\Cake\Core\App.php(899): App::_checkFatalError()
#4 [internal function]: App::shutdown()
#5 {main}
2013-03-16 00:46:36 Error: Fatal Error (4): syntax error, unexpected '*' in [C:\xampp\htdocs\Graph\app\Controller\UsersController.php, line 4]
2013-03-16 00:46:36 Error: [FatalErrorException] syntax error, unexpected '*'
#0 C:\xampp\htdocs\Graph\lib\Cake\Error\ErrorHandler.php(161): ErrorHandler::handleFatalError(4, 'syntax error, u...', 'C:\xampp\htdocs...', 4)
#1 [internal function]: ErrorHandler::handleError(4, 'syntax error, u...', 'C:\xampp\htdocs...', 4, Array)
#2 C:\xampp\htdocs\Graph\lib\Cake\Core\App.php(926): call_user_func('ErrorHandler::h...', 4, 'syntax error, u...', 'C:\xampp\htdocs...', 4, Array)
#3 C:\xampp\htdocs\Graph\lib\Cake\Core\App.php(899): App::_checkFatalError()
#4 [internal function]: App::shutdown()
#5 {main}
2013-03-16 00:46:50 Error: [MissingViewException] View file "C:\xampp\htdocs\Graph\app\View\Users\login.ctp" is missing.
#0 C:\xampp\htdocs\Graph\lib\Cake\View\View.php(467): View->_getViewFileName(NULL)
#1 C:\xampp\htdocs\Graph\lib\Cake\Controller\Controller.php(955): View->render(NULL, NULL)
#2 C:\xampp\htdocs\Graph\lib\Cake\Routing\Dispatcher.php(193): Controller->render()
#3 C:\xampp\htdocs\Graph\lib\Cake\Routing\Dispatcher.php(161): Dispatcher->_invoke(Object(UsersController), Object(CakeRequest), Object(CakeResponse))
#4 C:\xampp\htdocs\Graph\app\webroot\index.php(97): Dispatcher->dispatch(Object(CakeRequest), Object(CakeResponse))
#5 {main}
2013-03-16 00:47:02 Error: [MissingViewException] View file "C:\xampp\htdocs\Graph\app\View\Users\login.ctp" is missing.
#0 C:\xampp\htdocs\Graph\lib\Cake\View\View.php(467): View->_getViewFileName(NULL)
#1 C:\xampp\htdocs\Graph\lib\Cake\Controller\Controller.php(955): View->render(NULL, NULL)
#2 C:\xampp\htdocs\Graph\lib\Cake\Routing\Dispatcher.php(193): Controller->render()
#3 C:\xampp\htdocs\Graph\lib\Cake\Routing\Dispatcher.php(161): Dispatcher->_invoke(Object(UsersController), Object(CakeRequest), Object(CakeResponse))
#4 C:\xampp\htdocs\Graph\app\webroot\index.php(97): Dispatcher->dispatch(Object(CakeRequest), Object(CakeResponse))
#5 {main}
2013-03-16 00:52:00 Error: [MissingViewException] View file "C:\xampp\htdocs\Graph\app\View\Users\login.ctp" is missing.
#0 C:\xampp\htdocs\Graph\lib\Cake\View\View.php(467): View->_getViewFileName(NULL)
#1 C:\xampp\htdocs\Graph\lib\Cake\Controller\Controller.php(955): View->render(NULL, NULL)
#2 C:\xampp\htdocs\Graph\lib\Cake\Routing\Dispatcher.php(193): Controller->render()
#3 C:\xampp\htdocs\Graph\lib\Cake\Routing\Dispatcher.php(161): Dispatcher->_invoke(Object(UsersController), Object(CakeRequest), Object(CakeResponse))
#4 C:\xampp\htdocs\Graph\app\webroot\index.php(97): Dispatcher->dispatch(Object(CakeRequest), Object(CakeResponse))
#5 {main}
2013-03-16 00:53:08 Error: [MissingViewException] View file "C:\xampp\htdocs\Graph\app\View\Users\login.ctp" is missing.
#0 C:\xampp\htdocs\Graph\lib\Cake\View\View.php(467): View->_getViewFileName(NULL)
#1 C:\xampp\htdocs\Graph\lib\Cake\Controller\Controller.php(955): View->render(NULL, NULL)
#2 C:\xampp\htdocs\Graph\lib\Cake\Routing\Dispatcher.php(193): Controller->render()
#3 C:\xampp\htdocs\Graph\lib\Cake\Routing\Dispatcher.php(161): Dispatcher->_invoke(Object(UsersController), Object(CakeRequest), Object(CakeResponse))
#4 C:\xampp\htdocs\Graph\app\webroot\index.php(97): Dispatcher->dispatch(Object(CakeRequest), Object(CakeResponse))
#5 {main}
2013-03-16 00:53:10 Error: [MissingViewException] View file "C:\xampp\htdocs\Graph\app\View\Users\login.ctp" is missing.
#0 C:\xampp\htdocs\Graph\lib\Cake\View\View.php(467): View->_getViewFileName(NULL)
#1 C:\xampp\htdocs\Graph\lib\Cake\Controller\Controller.php(955): View->render(NULL, NULL)
#2 C:\xampp\htdocs\Graph\lib\Cake\Routing\Dispatcher.php(193): Controller->render()
#3 C:\xampp\htdocs\Graph\lib\Cake\Routing\Dispatcher.php(161): Dispatcher->_invoke(Object(UsersController), Object(CakeRequest), Object(CakeResponse))
#4 C:\xampp\htdocs\Graph\app\webroot\index.php(97): Dispatcher->dispatch(Object(CakeRequest), Object(CakeResponse))
#5 {main}
2013-03-16 00:53:29 Error: [MissingViewException] View file "C:\xampp\htdocs\Graph\app\View\Users\login.ctp" is missing.
#0 C:\xampp\htdocs\Graph\lib\Cake\View\View.php(467): View->_getViewFileName(NULL)
#1 C:\xampp\htdocs\Graph\lib\Cake\Controller\Controller.php(955): View->render(NULL, NULL)
#2 C:\xampp\htdocs\Graph\lib\Cake\Routing\Dispatcher.php(193): Controller->render()
#3 C:\xampp\htdocs\Graph\lib\Cake\Routing\Dispatcher.php(161): Dispatcher->_invoke(Object(UsersController), Object(CakeRequest), Object(CakeResponse))
#4 C:\xampp\htdocs\Graph\app\webroot\index.php(97): Dispatcher->dispatch(Object(CakeRequest), Object(CakeResponse))
#5 {main}
2013-03-16 00:53:30 Error: [MissingViewException] View file "C:\xampp\htdocs\Graph\app\View\Users\login.ctp" is missing.
#0 C:\xampp\htdocs\Graph\lib\Cake\View\View.php(467): View->_getViewFileName(NULL)
#1 C:\xampp\htdocs\Graph\lib\Cake\Controller\Controller.php(955): View->render(NULL, NULL)
#2 C:\xampp\htdocs\Graph\lib\Cake\Routing\Dispatcher.php(193): Controller->render()
#3 C:\xampp\htdocs\Graph\lib\Cake\Routing\Dispatcher.php(161): Dispatcher->_invoke(Object(UsersController), Object(CakeRequest), Object(CakeResponse))
#4 C:\xampp\htdocs\Graph\app\webroot\index.php(97): Dispatcher->dispatch(Object(CakeRequest), Object(CakeResponse))
#5 {main}
2013-03-16 00:53:30 Error: [MissingViewException] View file "C:\xampp\htdocs\Graph\app\View\Users\login.ctp" is missing.
#0 C:\xampp\htdocs\Graph\lib\Cake\View\View.php(467): View->_getViewFileName(NULL)
#1 C:\xampp\htdocs\Graph\lib\Cake\Controller\Controller.php(955): View->render(NULL, NULL)
#2 C:\xampp\htdocs\Graph\lib\Cake\Routing\Dispatcher.php(193): Controller->render()
#3 C:\xampp\htdocs\Graph\lib\Cake\Routing\Dispatcher.php(161): Dispatcher->_invoke(Object(UsersController), Object(CakeRequest), Object(CakeResponse))
#4 C:\xampp\htdocs\Graph\app\webroot\index.php(97): Dispatcher->dispatch(Object(CakeRequest), Object(CakeResponse))
#5 {main}
2013-03-16 00:53:30 Error: [MissingViewException] View file "C:\xampp\htdocs\Graph\app\View\Users\login.ctp" is missing.
#0 C:\xampp\htdocs\Graph\lib\Cake\View\View.php(467): View->_getViewFileName(NULL)
#1 C:\xampp\htdocs\Graph\lib\Cake\Controller\Controller.php(955): View->render(NULL, NULL)
#2 C:\xampp\htdocs\Graph\lib\Cake\Routing\Dispatcher.php(193): Controller->render()
#3 C:\xampp\htdocs\Graph\lib\Cake\Routing\Dispatcher.php(161): Dispatcher->_invoke(Object(UsersController), Object(CakeRequest), Object(CakeResponse))
#4 C:\xampp\htdocs\Graph\app\webroot\index.php(97): Dispatcher->dispatch(Object(CakeRequest), Object(CakeResponse))
#5 {main}
2013-03-16 00:53:30 Error: [MissingViewException] View file "C:\xampp\htdocs\Graph\app\View\Users\login.ctp" is missing.
#0 C:\xampp\htdocs\Graph\lib\Cake\View\View.php(467): View->_getViewFileName(NULL)
#1 C:\xampp\htdocs\Graph\lib\Cake\Controller\Controller.php(955): View->render(NULL, NULL)
#2 C:\xampp\htdocs\Graph\lib\Cake\Routing\Dispatcher.php(193): Controller->render()
#3 C:\xampp\htdocs\Graph\lib\Cake\Routing\Dispatcher.php(161): Dispatcher->_invoke(Object(UsersController), Object(CakeRequest), Object(CakeResponse))
#4 C:\xampp\htdocs\Graph\app\webroot\index.php(97): Dispatcher->dispatch(Object(CakeRequest), Object(CakeResponse))
#5 {main}
2013-03-16 00:53:31 Error: [MissingViewException] View file "C:\xampp\htdocs\Graph\app\View\Users\login.ctp" is missing.
#0 C:\xampp\htdocs\Graph\lib\Cake\View\View.php(467): View->_getViewFileName(NULL)
#1 C:\xampp\htdocs\Graph\lib\Cake\Controller\Controller.php(955): View->render(NULL, NULL)
#2 C:\xampp\htdocs\Graph\lib\Cake\Routing\Dispatcher.php(193): Controller->render()
#3 C:\xampp\htdocs\Graph\lib\Cake\Routing\Dispatcher.php(161): Dispatcher->_invoke(Object(UsersController), Object(CakeRequest), Object(CakeResponse))
#4 C:\xampp\htdocs\Graph\app\webroot\index.php(97): Dispatcher->dispatch(Object(CakeRequest), Object(CakeResponse))
#5 {main}
2013-03-16 00:53:38 Error: [MissingViewException] View file "C:\xampp\htdocs\Graph\app\View\Users\login.ctp" is missing.
#0 C:\xampp\htdocs\Graph\lib\Cake\View\View.php(467): View->_getViewFileName(NULL)
#1 C:\xampp\htdocs\Graph\lib\Cake\Controller\Controller.php(955): View->render(NULL, NULL)
#2 C:\xampp\htdocs\Graph\lib\Cake\Routing\Dispatcher.php(193): Controller->render()
#3 C:\xampp\htdocs\Graph\lib\Cake\Routing\Dispatcher.php(161): Dispatcher->_invoke(Object(UsersController), Object(CakeRequest), Object(CakeResponse))
#4 C:\xampp\htdocs\Graph\app\webroot\index.php(97): Dispatcher->dispatch(Object(CakeRequest), Object(CakeResponse))
#5 {main}
2013-03-16 00:54:56 Error: [MissingViewException] View file "C:\xampp\htdocs\Graph\app\View\Users\login.ctp" is missing.
#0 C:\xampp\htdocs\Graph\lib\Cake\View\View.php(467): View->_getViewFileName(NULL)
#1 C:\xampp\htdocs\Graph\lib\Cake\Controller\Controller.php(955): View->render(NULL, NULL)
#2 C:\xampp\htdocs\Graph\lib\Cake\Routing\Dispatcher.php(193): Controller->render()
#3 C:\xampp\htdocs\Graph\lib\Cake\Routing\Dispatcher.php(161): Dispatcher->_invoke(Object(UsersController), Object(CakeRequest), Object(CakeResponse))
#4 C:\xampp\htdocs\Graph\app\webroot\index.php(97): Dispatcher->dispatch(Object(CakeRequest), Object(CakeResponse))
#5 {main}
2013-03-16 00:55:00 Error: [MissingViewException] View file "C:\xampp\htdocs\Graph\app\View\Users\login.ctp" is missing.
#0 C:\xampp\htdocs\Graph\lib\Cake\View\View.php(467): View->_getViewFileName(NULL)
#1 C:\xampp\htdocs\Graph\lib\Cake\Controller\Controller.php(955): View->render(NULL, NULL)
#2 C:\xampp\htdocs\Graph\lib\Cake\Routing\Dispatcher.php(193): Controller->render()
#3 C:\xampp\htdocs\Graph\lib\Cake\Routing\Dispatcher.php(161): Dispatcher->_invoke(Object(UsersController), Object(CakeRequest), Object(CakeResponse))
#4 C:\xampp\htdocs\Graph\app\webroot\index.php(97): Dispatcher->dispatch(Object(CakeRequest), Object(CakeResponse))
#5 {main}
2013-03-16 00:55:02 Error: [MissingViewException] View file "C:\xampp\htdocs\Graph\app\View\Users\login.ctp" is missing.
#0 C:\xampp\htdocs\Graph\lib\Cake\View\View.php(467): View->_getViewFileName(NULL)
#1 C:\xampp\htdocs\Graph\lib\Cake\Controller\Controller.php(955): View->render(NULL, NULL)
#2 C:\xampp\htdocs\Graph\lib\Cake\Routing\Dispatcher.php(193): Controller->render()
#3 C:\xampp\htdocs\Graph\lib\Cake\Routing\Dispatcher.php(161): Dispatcher->_invoke(Object(UsersController), Object(CakeRequest), Object(CakeResponse))
#4 C:\xampp\htdocs\Graph\app\webroot\index.php(97): Dispatcher->dispatch(Object(CakeRequest), Object(CakeResponse))
#5 {main}
2013-03-16 00:58:08 Error: [MissingViewException] View file "C:\xampp\htdocs\Graph\app\View\Users\login.ctp" is missing.
#0 C:\xampp\htdocs\Graph\lib\Cake\View\View.php(467): View->_getViewFileName(NULL)
#1 C:\xampp\htdocs\Graph\lib\Cake\Controller\Controller.php(955): View->render(NULL, NULL)
#2 C:\xampp\htdocs\Graph\lib\Cake\Routing\Dispatcher.php(193): Controller->render()
#3 C:\xampp\htdocs\Graph\lib\Cake\Routing\Dispatcher.php(161): Dispatcher->_invoke(Object(UsersController), Object(CakeRequest), Object(CakeResponse))
#4 C:\xampp\htdocs\Graph\app\webroot\index.php(97): Dispatcher->dispatch(Object(CakeRequest), Object(CakeResponse))
#5 {main}
2013-03-16 01:02:01 Error: [MissingActionException] Action UsersController::users() could not be found.
#0 C:\xampp\htdocs\Graph\lib\Cake\Routing\Dispatcher.php(186): Controller->invokeAction(Object(CakeRequest))
#1 C:\xampp\htdocs\Graph\lib\Cake\Routing\Dispatcher.php(161): Dispatcher->_invoke(Object(UsersController), Object(CakeRequest), Object(CakeResponse))
#2 C:\xampp\htdocs\Graph\app\webroot\index.php(97): Dispatcher->dispatch(Object(CakeRequest), Object(CakeResponse))
#3 {main}
2013-03-16 01:02:20 Error: [MissingActionException] Action UsersController::users() could not be found.
#0 C:\xampp\htdocs\Graph\lib\Cake\Routing\Dispatcher.php(186): Controller->invokeAction(Object(CakeRequest))
#1 C:\xampp\htdocs\Graph\lib\Cake\Routing\Dispatcher.php(161): Dispatcher->_invoke(Object(UsersController), Object(CakeRequest), Object(CakeResponse))
#2 C:\xampp\htdocs\Graph\app\webroot\index.php(97): Dispatcher->dispatch(Object(CakeRequest), Object(CakeResponse))
#3 {main}
2013-03-16 01:02:34 Error: [MissingActionException] Action UsersController::users() could not be found.
#0 C:\xampp\htdocs\Graph\lib\Cake\Routing\Dispatcher.php(186): Controller->invokeAction(Object(CakeRequest))
#1 C:\xampp\htdocs\Graph\lib\Cake\Routing\Dispatcher.php(161): Dispatcher->_invoke(Object(UsersController), Object(CakeRequest), Object(CakeResponse))
#2 C:\xampp\htdocs\Graph\app\webroot\index.php(97): Dispatcher->dispatch(Object(CakeRequest), Object(CakeResponse))
#3 {main}
2013-03-16 01:03:23 Error: [MissingActionException] Action UsersController::users() could not be found.
#0 C:\xampp\htdocs\Graph\lib\Cake\Routing\Dispatcher.php(186): Controller->invokeAction(Object(CakeRequest))
#1 C:\xampp\htdocs\Graph\lib\Cake\Routing\Dispatcher.php(161): Dispatcher->_invoke(Object(UsersController), Object(CakeRequest), Object(CakeResponse))
#2 C:\xampp\htdocs\Graph\app\webroot\index.php(97): Dispatcher->dispatch(Object(CakeRequest), Object(CakeResponse))
#3 {main}
2013-03-16 01:03:27 Error: [MissingViewException] View file "C:\xampp\htdocs\Graph\app\View\Users\login.ctp" is missing.
#0 C:\xampp\htdocs\Graph\lib\Cake\View\View.php(467): View->_getViewFileName(NULL)
#1 C:\xampp\htdocs\Graph\lib\Cake\Controller\Controller.php(955): View->render(NULL, NULL)
#2 C:\xampp\htdocs\Graph\lib\Cake\Routing\Dispatcher.php(193): Controller->render()
#3 C:\xampp\htdocs\Graph\lib\Cake\Routing\Dispatcher.php(161): Dispatcher->_invoke(Object(UsersController), Object(CakeRequest), Object(CakeResponse))
#4 C:\xampp\htdocs\Graph\app\webroot\index.php(97): Dispatcher->dispatch(Object(CakeRequest), Object(CakeResponse))
#5 {main}
2013-03-16 01:03:32 Error: [MissingViewException] View file "C:\xampp\htdocs\Graph\app\View\Users\login.ctp" is missing.
#0 C:\xampp\htdocs\Graph\lib\Cake\View\View.php(467): View->_getViewFileName(NULL)
#1 C:\xampp\htdocs\Graph\lib\Cake\Controller\Controller.php(955): View->render(NULL, NULL)
#2 C:\xampp\htdocs\Graph\lib\Cake\Routing\Dispatcher.php(193): Controller->render()
#3 C:\xampp\htdocs\Graph\lib\Cake\Routing\Dispatcher.php(161): Dispatcher->_invoke(Object(UsersController), Object(CakeRequest), Object(CakeResponse))
#4 C:\xampp\htdocs\Graph\app\webroot\index.php(97): Dispatcher->dispatch(Object(CakeRequest), Object(CakeResponse))
#5 {main}
2013-03-16 01:06:37 Error: [MissingActionException] Action UsersController::signup() could not be found.
#0 C:\xampp\htdocs\Graph\lib\Cake\Routing\Dispatcher.php(186): Controller->invokeAction(Object(CakeRequest))
#1 C:\xampp\htdocs\Graph\lib\Cake\Routing\Dispatcher.php(161): Dispatcher->_invoke(Object(UsersController), Object(CakeRequest), Object(CakeResponse))
#2 C:\xampp\htdocs\Graph\app\webroot\index.php(97): Dispatcher->dispatch(Object(CakeRequest), Object(CakeResponse))
#3 {main}
2013-03-16 01:07:12 Error: [MissingActionException] Action UsersController::signup() could not be found.
#0 C:\xampp\htdocs\Graph\lib\Cake\Routing\Dispatcher.php(186): Controller->invokeAction(Object(CakeRequest))
#1 C:\xampp\htdocs\Graph\lib\Cake\Routing\Dispatcher.php(161): Dispatcher->_invoke(Object(UsersController), Object(CakeRequest), Object(CakeResponse))
#2 C:\xampp\htdocs\Graph\app\webroot\index.php(97): Dispatcher->dispatch(Object(CakeRequest), Object(CakeResponse))
#3 {main}
2013-03-16 01:07:17 Error: [MissingActionException] Action UsersController::signup() could not be found.
#0 C:\xampp\htdocs\Graph\lib\Cake\Routing\Dispatcher.php(186): Controller->invokeAction(Object(CakeRequest))
#1 C:\xampp\htdocs\Graph\lib\Cake\Routing\Dispatcher.php(161): Dispatcher->_invoke(Object(UsersController), Object(CakeRequest), Object(CakeResponse))
#2 C:\xampp\htdocs\Graph\app\webroot\index.php(97): Dispatcher->dispatch(Object(CakeRequest), Object(CakeResponse))
#3 {main}
2013-03-16 01:22:29 Error: [MissingActionException] Action UsersController::home() could not be found.
#0 C:\xampp\htdocs\Graph\lib\Cake\Routing\Dispatcher.php(186): Controller->invokeAction(Object(CakeRequest))
#1 C:\xampp\htdocs\Graph\lib\Cake\Routing\Dispatcher.php(161): Dispatcher->_invoke(Object(UsersController), Object(CakeRequest), Object(CakeResponse))
#2 C:\xampp\htdocs\Graph\app\webroot\index.php(97): Dispatcher->dispatch(Object(CakeRequest), Object(CakeResponse))
#3 {main}
2013-03-16 01:27:56 Error: Fatal Error (4): syntax error, unexpected '(', expecting identifier (T_STRING) or variable (T_VARIABLE) or '{' or '$' in [C:\xampp\htdocs\Graph\app\Controller\UsersController.php, line 73]
2013-03-16 01:27:56 Error: [FatalErrorException] syntax error, unexpected '(', expecting identifier (T_STRING) or variable (T_VARIABLE) or '{' or '$'
#0 C:\xampp\htdocs\Graph\lib\Cake\Error\ErrorHandler.php(161): ErrorHandler::handleFatalError(4, 'syntax error, u...', 'C:\xampp\htdocs...', 73)
#1 [internal function]: ErrorHandler::handleError(4, 'syntax error, u...', 'C:\xampp\htdocs...', 73, Array)
#2 C:\xampp\htdocs\Graph\lib\Cake\Core\App.php(926): call_user_func('ErrorHandler::h...', 4, 'syntax error, u...', 'C:\xampp\htdocs...', 73, Array)
#3 C:\xampp\htdocs\Graph\lib\Cake\Core\App.php(899): App::_checkFatalError()
#4 [internal function]: App::shutdown()
#5 {main}
2013-03-16 01:30:31 Error: [CakeException] Authentication adapter "scope" was not found.
#0 C:\xampp\htdocs\Graph\lib\Cake\Controller\Component\AuthComponent.php(653): AuthComponent->constructAuthenticate()
#1 C:\xampp\htdocs\Graph\lib\Cake\Controller\Component\AuthComponent.php(533): AuthComponent->identify(Object(CakeRequest), Object(CakeResponse))
#2 C:\xampp\htdocs\Graph\app\Controller\UsersController.php(73): AuthComponent->login()
#3 [internal function]: UsersController->login()
#4 C:\xampp\htdocs\Graph\lib\Cake\Controller\Controller.php(485): ReflectionMethod->invokeArgs(Object(UsersController), Array)
#5 C:\xampp\htdocs\Graph\lib\Cake\Routing\Dispatcher.php(186): Controller->invokeAction(Object(CakeRequest))
#6 C:\xampp\htdocs\Graph\lib\Cake\Routing\Dispatcher.php(161): Dispatcher->_invoke(Object(UsersController), Object(CakeRequest), Object(CakeResponse))
#7 C:\xampp\htdocs\Graph\app\webroot\index.php(97): Dispatcher->dispatch(Object(CakeRequest), Object(CakeResponse))
#8 {main}
2013-03-16 01:31:14 Error: Fatal Error (4): syntax error, unexpected ';', expecting ')' in [C:\xampp\htdocs\Graph\app\Controller\UsersController.php, line 35]
2013-03-16 01:31:14 Error: [FatalErrorException] syntax error, unexpected ';', expecting ')'
#0 C:\xampp\htdocs\Graph\lib\Cake\Error\ErrorHandler.php(161): ErrorHandler::handleFatalError(4, 'syntax error, u...', 'C:\xampp\htdocs...', 35)
#1 [internal function]: ErrorHandler::handleError(4, 'syntax error, u...', 'C:\xampp\htdocs...', 35, Array)
#2 C:\xampp\htdocs\Graph\lib\Cake\Core\App.php(926): call_user_func('ErrorHandler::h...', 4, 'syntax error, u...', 'C:\xampp\htdocs...', 35, Array)
#3 C:\xampp\htdocs\Graph\lib\Cake\Core\App.php(899): App::_checkFatalError()
#4 [internal function]: App::shutdown()
#5 {main}
2013-03-16 01:31:29 Error: Fatal Error (4): syntax error, unexpected ';', expecting ')' in [C:\xampp\htdocs\Graph\app\Controller\UsersController.php, line 33]
2013-03-16 01:31:29 Error: [FatalErrorException] syntax error, unexpected ';', expecting ')'
#0 C:\xampp\htdocs\Graph\lib\Cake\Error\ErrorHandler.php(161): ErrorHandler::handleFatalError(4, 'syntax error, u...', 'C:\xampp\htdocs...', 33)
#1 [internal function]: ErrorHandler::handleError(4, 'syntax error, u...', 'C:\xampp\htdocs...', 33, Array)
#2 C:\xampp\htdocs\Graph\lib\Cake\Core\App.php(926): call_user_func('ErrorHandler::h...', 4, 'syntax error, u...', 'C:\xampp\htdocs...', 33, Array)
#3 C:\xampp\htdocs\Graph\lib\Cake\Core\App.php(899): App::_checkFatalError()
#4 [internal function]: App::shutdown()
#5 {main}
2013-03-16 01:33:54 Error: Fatal Error (1): Call to undefined method AuthComponent::redirectUrl() in [C:\xampp\htdocs\Graph\app\Controller\UsersController.php, line 70]
2013-03-16 01:33:54 Error: [FatalErrorException] Call to undefined method AuthComponent::redirectUrl()
#0 C:\xampp\htdocs\Graph\lib\Cake\Error\ErrorHandler.php(161): ErrorHandler::handleFatalError(1, 'Call to undefin...', 'C:\xampp\htdocs...', 70)
#1 [internal function]: ErrorHandler::handleError(1, 'Call to undefin...', 'C:\xampp\htdocs...', 70, Array)
#2 C:\xampp\htdocs\Graph\lib\Cake\Core\App.php(926): call_user_func('ErrorHandler::h...', 1, 'Call to undefin...', 'C:\xampp\htdocs...', 70, Array)
#3 C:\xampp\htdocs\Graph\lib\Cake\Core\App.php(899): App::_checkFatalError()
#4 [internal function]: App::shutdown()
#5 {main}
2013-03-16 01:34:24 Error: Fatal Error (1): Call to undefined method AuthComponent::redirectUrl() in [C:\xampp\htdocs\Graph\app\Controller\UsersController.php, line 70]
2013-03-16 01:34:24 Error: [FatalErrorException] Call to undefined method AuthComponent::redirectUrl()
#0 C:\xampp\htdocs\Graph\lib\Cake\Error\ErrorHandler.php(161): ErrorHandler::handleFatalError(1, 'Call to undefin...', 'C:\xampp\htdocs...', 70)
#1 [internal function]: ErrorHandler::handleError(1, 'Call to undefin...', 'C:\xampp\htdocs...', 70, Array)
#2 C:\xampp\htdocs\Graph\lib\Cake\Core\App.php(926): call_user_func('ErrorHandler::h...', 1, 'Call to undefin...', 'C:\xampp\htdocs...', 70, Array)
#3 C:\xampp\htdocs\Graph\lib\Cake\Core\App.php(899): App::_checkFatalError()
#4 [internal function]: App::shutdown()
#5 {main}
2013-03-16 01:34:29 Error: Fatal Error (1): Call to undefined method AuthComponent::redirectUrl() in [C:\xampp\htdocs\Graph\app\Controller\UsersController.php, line 70]
2013-03-16 01:34:29 Error: [FatalErrorException] Call to undefined method AuthComponent::redirectUrl()
#0 C:\xampp\htdocs\Graph\lib\Cake\Error\ErrorHandler.php(161): ErrorHandler::handleFatalError(1, 'Call to undefin...', 'C:\xampp\htdocs...', 70)
#1 [internal function]: ErrorHandler::handleError(1, 'Call to undefin...', 'C:\xampp\htdocs...', 70, Array)
#2 C:\xampp\htdocs\Graph\lib\Cake\Core\App.php(926): call_user_func('ErrorHandler::h...', 1, 'Call to undefin...', 'C:\xampp\htdocs...', 70, Array)
#3 C:\xampp\htdocs\Graph\lib\Cake\Core\App.php(899): App::_checkFatalError()
#4 [internal function]: App::shutdown()
#5 {main}
2013-03-16 01:41:24 Error: Fatal Error (1): Call to undefined method AuthComponent::redirectUrl() in [C:\xampp\htdocs\Graph\app\Controller\UsersController.php, line 70]
2013-03-16 01:41:24 Error: [FatalErrorException] Call to undefined method AuthComponent::redirectUrl()
#0 C:\xampp\htdocs\Graph\lib\Cake\Error\ErrorHandler.php(161): ErrorHandler::handleFatalError(1, 'Call to undefin...', 'C:\xampp\htdocs...', 70)
#1 [internal function]: ErrorHandler::handleError(1, 'Call to undefin...', 'C:\xampp\htdocs...', 70, Array)
#2 C:\xampp\htdocs\Graph\lib\Cake\Core\App.php(926): call_user_func('ErrorHandler::h...', 1, 'Call to undefin...', 'C:\xampp\htdocs...', 70, Array)
#3 C:\xampp\htdocs\Graph\lib\Cake\Core\App.php(899): App::_checkFatalError()
#4 [internal function]: App::shutdown()
#5 {main}
2013-03-16 01:43:02 Error: Fatal Error (4): syntax error, unexpected 'echo' (T_ECHO), expecting function (T_FUNCTION) in [C:\xampp\htdocs\Graph\app\Controller\UsersController.php, line 10]
2013-03-16 01:43:02 Error: [FatalErrorException] syntax error, unexpected 'echo' (T_ECHO), expecting function (T_FUNCTION)
#0 C:\xampp\htdocs\Graph\lib\Cake\Error\ErrorHandler.php(161): ErrorHandler::handleFatalError(4, 'syntax error, u...', 'C:\xampp\htdocs...', 10)
#1 [internal function]: ErrorHandler::handleError(4, 'syntax error, u...', 'C:\xampp\htdocs...', 10, Array)
#2 C:\xampp\htdocs\Graph\lib\Cake\Core\App.php(926): call_user_func('ErrorHandler::h...', 4, 'syntax error, u...', 'C:\xampp\htdocs...', 10, Array)
#3 C:\xampp\htdocs\Graph\lib\Cake\Core\App.php(899): App::_checkFatalError()
#4 [internal function]: App::shutdown()
#5 {main}
2013-03-16 01:43:29 Error: Fatal Error (1): Allowed memory size of 134217728 bytes exhausted (tried to allocate 62914560 bytes) in [C:\xampp\htdocs\Graph\lib\Cake\basics.php, line 116]
2013-03-16 01:43:29 Error: [FatalErrorException] Allowed memory size of 134217728 bytes exhausted (tried to allocate 62914560 bytes)
#0 C:\xampp\htdocs\Graph\lib\Cake\Error\ErrorHandler.php(161): ErrorHandler::handleFatalError(1, 'Allowed memory ...', 'C:\xampp\htdocs...', 116)
#1 [internal function]: ErrorHandler::handleError(1, 'Allowed memory ...', 'C:\xampp\htdocs...', 116, Array)
#2 C:\xampp\htdocs\Graph\lib\Cake\Core\App.php(926): call_user_func('ErrorHandler::h...', 1, 'Allowed memory ...', 'C:\xampp\htdocs...', 116, Array)
#3 C:\xampp\htdocs\Graph\lib\Cake\Core\App.php(899): App::_checkFatalError()
#4 [internal function]: App::shutdown()
#5 {main}
2013-03-16 01:43:36 Error: Fatal Error (1): Allowed memory size of 134217728 bytes exhausted (tried to allocate 62914560 bytes) in [C:\xampp\htdocs\Graph\lib\Cake\basics.php, line 116]
2013-03-16 01:43:36 Error: [FatalErrorException] Allowed memory size of 134217728 bytes exhausted (tried to allocate 62914560 bytes)
#0 C:\xampp\htdocs\Graph\lib\Cake\Error\ErrorHandler.php(161): ErrorHandler::handleFatalError(1, 'Allowed memory ...', 'C:\xampp\htdocs...', 116)
#1 [internal function]: ErrorHandler::handleError(1, 'Allowed memory ...', 'C:\xampp\htdocs...', 116, Array)
#2 C:\xampp\htdocs\Graph\lib\Cake\Core\App.php(926): call_user_func('ErrorHandler::h...', 1, 'Allowed memory ...', 'C:\xampp\htdocs...', 116, Array)
#3 C:\xampp\htdocs\Graph\lib\Cake\Core\App.php(899): App::_checkFatalError()
#4 [internal function]: App::shutdown()
#5 {main}
2013-03-16 01:44:12 Error: Fatal Error (1): Allowed memory size of 134217728 bytes exhausted (tried to allocate 62914560 bytes) in [C:\xampp\htdocs\Graph\lib\Cake\basics.php, line 116]
2013-03-16 01:44:12 Error: [FatalErrorException] Allowed memory size of 134217728 bytes exhausted (tried to allocate 62914560 bytes)
#0 C:\xampp\htdocs\Graph\lib\Cake\Error\ErrorHandler.php(161): ErrorHandler::handleFatalError(1, 'Allowed memory ...', 'C:\xampp\htdocs...', 116)
#1 [internal function]: ErrorHandler::handleError(1, 'Allowed memory ...', 'C:\xampp\htdocs...', 116, Array)
#2 C:\xampp\htdocs\Graph\lib\Cake\Core\App.php(926): call_user_func('ErrorHandler::h...', 1, 'Allowed memory ...', 'C:\xampp\htdocs...', 116, Array)
#3 C:\xampp\htdocs\Graph\lib\Cake\Core\App.php(899): App::_checkFatalError()
#4 [internal function]: App::shutdown()
#5 {main}
2013-03-16 01:56:59 Error: [MissingActionException] Action UsersController::users() could not be found.
#0 C:\xampp\htdocs\Graph\lib\Cake\Routing\Dispatcher.php(186): Controller->invokeAction(Object(CakeRequest))
#1 C:\xampp\htdocs\Graph\lib\Cake\Routing\Dispatcher.php(161): Dispatcher->_invoke(Object(UsersController), Object(CakeRequest), Object(CakeResponse))
#2 C:\xampp\htdocs\Graph\app\webroot\index.php(97): Dispatcher->dispatch(Object(CakeRequest), Object(CakeResponse))
#3 {main}
2013-03-16 01:57:32 Error: [MissingActionException] Action UsersController::users() could not be found.
#0 C:\xampp\htdocs\Graph\lib\Cake\Routing\Dispatcher.php(186): Controller->invokeAction(Object(CakeRequest))
#1 C:\xampp\htdocs\Graph\lib\Cake\Routing\Dispatcher.php(161): Dispatcher->_invoke(Object(UsersController), Object(CakeRequest), Object(CakeResponse))
#2 C:\xampp\htdocs\Graph\app\webroot\index.php(97): Dispatcher->dispatch(Object(CakeRequest), Object(CakeResponse))
#3 {main}
2013-03-16 01:57:36 Error: [MissingActionException] Action UsersController::users() could not be found.
#0 C:\xampp\htdocs\Graph\lib\Cake\Routing\Dispatcher.php(186): Controller->invokeAction(Object(CakeRequest))
#1 C:\xampp\htdocs\Graph\lib\Cake\Routing\Dispatcher.php(161): Dispatcher->_invoke(Object(UsersController), Object(CakeRequest), Object(CakeResponse))
#2 C:\xampp\htdocs\Graph\app\webroot\index.php(97): Dispatcher->dispatch(Object(CakeRequest), Object(CakeResponse))
#3 {main}
2013-03-16 01:57:39 Error: [MissingControllerException] Controller class LoginController could not be found.
#0 C:\xampp\htdocs\Graph\app\webroot\index.php(97): Dispatcher->dispatch(Object(CakeRequest), Object(CakeResponse))
#1 {main}
2013-03-16 01:57:43 Error: [MissingActionException] Action UsersController::users() could not be found.
#0 C:\xampp\htdocs\Graph\lib\Cake\Routing\Dispatcher.php(186): Controller->invokeAction(Object(CakeRequest))
#1 C:\xampp\htdocs\Graph\lib\Cake\Routing\Dispatcher.php(161): Dispatcher->_invoke(Object(UsersController), Object(CakeRequest), Object(CakeResponse))
#2 C:\xampp\htdocs\Graph\app\webroot\index.php(97): Dispatcher->dispatch(Object(CakeRequest), Object(CakeResponse))
#3 {main}
2013-03-16 01:58:02 Error: [MissingControllerException] Controller class UsersloginController could not be found.
#0 C:\xampp\htdocs\Graph\app\webroot\index.php(97): Dispatcher->dispatch(Object(CakeRequest), Object(CakeResponse))
#1 {main}
2013-03-16 01:58:08 Error: [MissingActionException] Action UsersController::users() could not be found.
#0 C:\xampp\htdocs\Graph\lib\Cake\Routing\Dispatcher.php(186): Controller->invokeAction(Object(CakeRequest))
#1 C:\xampp\htdocs\Graph\lib\Cake\Routing\Dispatcher.php(161): Dispatcher->_invoke(Object(UsersController), Object(CakeRequest), Object(CakeResponse))
#2 C:\xampp\htdocs\Graph\app\webroot\index.php(97): Dispatcher->dispatch(Object(CakeRequest), Object(CakeResponse))
#3 {main}
2013-03-16 01:58:12 Error: [MissingActionException] Action UsersController::users() could not be found.
#0 C:\xampp\htdocs\Graph\lib\Cake\Routing\Dispatcher.php(186): Controller->invokeAction(Object(CakeRequest))
#1 C:\xampp\htdocs\Graph\lib\Cake\Routing\Dispatcher.php(161): Dispatcher->_invoke(Object(UsersController), Object(CakeRequest), Object(CakeResponse))
#2 C:\xampp\htdocs\Graph\app\webroot\index.php(97): Dispatcher->dispatch(Object(CakeRequest), Object(CakeResponse))
#3 {main}
2013-03-16 01:58:28 Error: [MissingActionException] Action UsersController::users() could not be found.
#0 C:\xampp\htdocs\Graph\lib\Cake\Routing\Dispatcher.php(186): Controller->invokeAction(Object(CakeRequest))
#1 C:\xampp\htdocs\Graph\lib\Cake\Routing\Dispatcher.php(161): Dispatcher->_invoke(Object(UsersController), Object(CakeRequest), Object(CakeResponse))
#2 C:\xampp\htdocs\Graph\app\webroot\index.php(97): Dispatcher->dispatch(Object(CakeRequest), Object(CakeResponse))
#3 {main}
2013-03-16 01:58:40 Error: [MissingActionException] Action UsersController::users() could not be found.
#0 C:\xampp\htdocs\Graph\lib\Cake\Routing\Dispatcher.php(186): Controller->invokeAction(Object(CakeRequest))
#1 C:\xampp\htdocs\Graph\lib\Cake\Routing\Dispatcher.php(161): Dispatcher->_invoke(Object(UsersController), Object(CakeRequest), Object(CakeResponse))
#2 C:\xampp\htdocs\Graph\app\webroot\index.php(97): Dispatcher->dispatch(Object(CakeRequest), Object(CakeResponse))
#3 {main}
2013-03-16 01:58:54 Error: [MissingActionException] Action UsersController::users() could not be found.
#0 C:\xampp\htdocs\Graph\lib\Cake\Routing\Dispatcher.php(186): Controller->invokeAction(Object(CakeRequest))
#1 C:\xampp\htdocs\Graph\lib\Cake\Routing\Dispatcher.php(161): Dispatcher->_invoke(Object(UsersController), Object(CakeRequest), Object(CakeResponse))
#2 C:\xampp\htdocs\Graph\app\webroot\index.php(97): Dispatcher->dispatch(Object(CakeRequest), Object(CakeResponse))
#3 {main}
2013-03-18 18:43:02 Error: [MissingActionException] Action UsersController::logout() could not be found.
#0 C:\xampp\htdocs\Graph\lib\Cake\Routing\Dispatcher.php(186): Controller->invokeAction(Object(CakeRequest))
#1 C:\xampp\htdocs\Graph\lib\Cake\Routing\Dispatcher.php(161): Dispatcher->_invoke(Object(UsersController), Object(CakeRequest), Object(CakeResponse))
#2 C:\xampp\htdocs\Graph\app\webroot\index.php(97): Dispatcher->dispatch(Object(CakeRequest), Object(CakeResponse))
#3 {main}
2013-03-18 18:43:52 Error: [MissingViewException] View file "C:\xampp\htdocs\Graph\app\View\Users\logout.ctp" is missing.
#0 C:\xampp\htdocs\Graph\lib\Cake\View\View.php(467): View->_getViewFileName(NULL)
#1 C:\xampp\htdocs\Graph\lib\Cake\Controller\Controller.php(955): View->render(NULL, NULL)
#2 C:\xampp\htdocs\Graph\lib\Cake\Routing\Dispatcher.php(193): Controller->render()
#3 C:\xampp\htdocs\Graph\lib\Cake\Routing\Dispatcher.php(161): Dispatcher->_invoke(Object(UsersController), Object(CakeRequest), Object(CakeResponse))
#4 C:\xampp\htdocs\Graph\app\webroot\index.php(97): Dispatcher->dispatch(Object(CakeRequest), Object(CakeResponse))
#5 {main}
2013-03-18 18:44:48 Error: [MissingViewException] View file "C:\xampp\htdocs\Graph\app\View\Users\logout.ctp" is missing.
#0 C:\xampp\htdocs\Graph\lib\Cake\View\View.php(467): View->_getViewFileName(NULL)
#1 C:\xampp\htdocs\Graph\lib\Cake\Controller\Controller.php(955): View->render(NULL, NULL)
#2 C:\xampp\htdocs\Graph\lib\Cake\Routing\Dispatcher.php(193): Controller->render()
#3 C:\xampp\htdocs\Graph\lib\Cake\Routing\Dispatcher.php(161): Dispatcher->_invoke(Object(UsersController), Object(CakeRequest), Object(CakeResponse))
#4 C:\xampp\htdocs\Graph\app\webroot\index.php(97): Dispatcher->dispatch(Object(CakeRequest), Object(CakeResponse))
#5 {main}
2013-03-18 18:45:00 Error: [MissingViewException] View file "C:\xampp\htdocs\Graph\app\View\Users\logout.ctp" is missing.
#0 C:\xampp\htdocs\Graph\lib\Cake\View\View.php(467): View->_getViewFileName(NULL)
#1 C:\xampp\htdocs\Graph\lib\Cake\Controller\Controller.php(955): View->render(NULL, NULL)
#2 C:\xampp\htdocs\Graph\lib\Cake\Routing\Dispatcher.php(193): Controller->render()
#3 C:\xampp\htdocs\Graph\lib\Cake\Routing\Dispatcher.php(161): Dispatcher->_invoke(Object(UsersController), Object(CakeRequest), Object(CakeResponse))
#4 C:\xampp\htdocs\Graph\app\webroot\index.php(97): Dispatcher->dispatch(Object(CakeRequest), Object(CakeResponse))
#5 {main}
2013-03-18 18:45:01 Error: [MissingViewException] View file "C:\xampp\htdocs\Graph\app\View\Users\logout.ctp" is missing.
#0 C:\xampp\htdocs\Graph\lib\Cake\View\View.php(467): View->_getViewFileName(NULL)
#1 C:\xampp\htdocs\Graph\lib\Cake\Controller\Controller.php(955): View->render(NULL, NULL)
#2 C:\xampp\htdocs\Graph\lib\Cake\Routing\Dispatcher.php(193): Controller->render()
#3 C:\xampp\htdocs\Graph\lib\Cake\Routing\Dispatcher.php(161): Dispatcher->_invoke(Object(UsersController), Object(CakeRequest), Object(CakeResponse))
#4 C:\xampp\htdocs\Graph\app\webroot\index.php(97): Dispatcher->dispatch(Object(CakeRequest), Object(CakeResponse))
#5 {main}
2013-03-18 19:22:52 Error: Fatal Error (1): Call to a member function login() on a non-object in [C:\xampp\htdocs\Graph\app\View\Helper\LoginHelper.php, line 6]
2013-03-18 19:22:52 Error: [FatalErrorException] Call to a member function login() on a non-object
#0 C:\xampp\htdocs\Graph\lib\Cake\Error\ErrorHandler.php(161): ErrorHandler::handleFatalError(1, 'Call to a membe...', 'C:\xampp\htdocs...', 6)
#1 [internal function]: ErrorHandler::handleError(1, 'Call to a membe...', 'C:\xampp\htdocs...', 6, Array)
#2 C:\xampp\htdocs\Graph\lib\Cake\Core\App.php(926): call_user_func('ErrorHandler::h...', 1, 'Call to a membe...', 'C:\xampp\htdocs...', 6, Array)
#3 C:\xampp\htdocs\Graph\lib\Cake\Core\App.php(899): App::_checkFatalError()
#4 [internal function]: App::shutdown()
#5 {main}
2013-03-18 19:23:14 Error: Fatal Error (1): Call to a member function login() on a non-object in [C:\xampp\htdocs\Graph\app\View\Helper\LoginHelper.php, line 9]
2013-03-18 19:23:14 Error: [FatalErrorException] Call to a member function login() on a non-object
#0 C:\xampp\htdocs\Graph\lib\Cake\Error\ErrorHandler.php(161): ErrorHandler::handleFatalError(1, 'Call to a membe...', 'C:\xampp\htdocs...', 9)
#1 [internal function]: ErrorHandler::handleError(1, 'Call to a membe...', 'C:\xampp\htdocs...', 9, Array)
#2 C:\xampp\htdocs\Graph\lib\Cake\Core\App.php(926): call_user_func('ErrorHandler::h...', 1, 'Call to a membe...', 'C:\xampp\htdocs...', 9, Array)
#3 C:\xampp\htdocs\Graph\lib\Cake\Core\App.php(899): App::_checkFatalError()
#4 [internal function]: App::shutdown()
#5 {main}
2013-03-18 19:24:55 Error: Fatal Error (4): syntax error, unexpected ';' in [C:\xampp\htdocs\Graph\app\Controller\UsersController.php, line 61]
2013-03-18 19:24:55 Error: [FatalErrorException] syntax error, unexpected ';'
#0 C:\xampp\htdocs\Graph\lib\Cake\Error\ErrorHandler.php(161): ErrorHandler::handleFatalError(4, 'syntax error, u...', 'C:\xampp\htdocs...', 61)
#1 [internal function]: ErrorHandler::handleError(4, 'syntax error, u...', 'C:\xampp\htdocs...', 61, Array)
#2 C:\xampp\htdocs\Graph\lib\Cake\Core\App.php(926): call_user_func('ErrorHandler::h...', 4, 'syntax error, u...', 'C:\xampp\htdocs...', 61, Array)
#3 C:\xampp\htdocs\Graph\lib\Cake\Core\App.php(899): App::_checkFatalError()
#4 [internal function]: App::shutdown()
#5 {main}
2013-03-18 19:29:02 Error: Fatal Error (1): Call to a member function set() on a non-object in [C:\xampp\htdocs\Graph\app\Controller\UsersController.php, line 31]
2013-03-18 19:29:02 Error: [FatalErrorException] Call to a member function set() on a non-object
#0 C:\xampp\htdocs\Graph\lib\Cake\Error\ErrorHandler.php(161): ErrorHandler::handleFatalError(1, 'Call to a membe...', 'C:\xampp\htdocs...', 31)
#1 [internal function]: ErrorHandler::handleError(1, 'Call to a membe...', 'C:\xampp\htdocs...', 31, Array)
#2 C:\xampp\htdocs\Graph\lib\Cake\Core\App.php(926): call_user_func('ErrorHandler::h...', 1, 'Call to a membe...', 'C:\xampp\htdocs...', 31, Array)
#3 C:\xampp\htdocs\Graph\lib\Cake\Core\App.php(899): App::_checkFatalError()
#4 [internal function]: App::shutdown()
#5 {main}
2013-03-18 19:29:12 Error: Fatal Error (1): Call to a member function set() on a non-object in [C:\xampp\htdocs\Graph\app\Controller\UsersController.php, line 31]
2013-03-18 19:29:12 Error: [FatalErrorException] Call to a member function set() on a non-object
#0 C:\xampp\htdocs\Graph\lib\Cake\Error\ErrorHandler.php(161): ErrorHandler::handleFatalError(1, 'Call to a membe...', 'C:\xampp\htdocs...', 31)
#1 [internal function]: ErrorHandler::handleError(1, 'Call to a membe...', 'C:\xampp\htdocs...', 31, Array)
#2 C:\xampp\htdocs\Graph\lib\Cake\Core\App.php(926): call_user_func('ErrorHandler::h...', 1, 'Call to a membe...', 'C:\xampp\htdocs...', 31, Array)
#3 C:\xampp\htdocs\Graph\lib\Cake\Core\App.php(899): App::_checkFatalError()
#4 [internal function]: App::shutdown()
#5 {main}
2013-03-18 19:29:23 Error: Fatal Error (4): syntax error, unexpected '->' (T_OBJECT_OPERATOR) in [C:\xampp\htdocs\Graph\app\Controller\UsersController.php, line 31]
2013-03-18 19:29:23 Error: [FatalErrorException] syntax error, unexpected '->' (T_OBJECT_OPERATOR)
#0 C:\xampp\htdocs\Graph\lib\Cake\Error\ErrorHandler.php(161): ErrorHandler::handleFatalError(4, 'syntax error, u...', 'C:\xampp\htdocs...', 31)
#1 [internal function]: ErrorHandler::handleError(4, 'syntax error, u...', 'C:\xampp\htdocs...', 31, Array)
#2 C:\xampp\htdocs\Graph\lib\Cake\Core\App.php(926): call_user_func('ErrorHandler::h...', 4, 'syntax error, u...', 'C:\xampp\htdocs...', 31, Array)
#3 C:\xampp\htdocs\Graph\lib\Cake\Core\App.php(899): App::_checkFatalError()
#4 [internal function]: App::shutdown()
#5 {main}
2013-03-18 19:29:24 Error: Fatal Error (4): syntax error, unexpected '->' (T_OBJECT_OPERATOR) in [C:\xampp\htdocs\Graph\app\Controller\UsersController.php, line 31]
2013-03-18 19:29:24 Error: [FatalErrorException] syntax error, unexpected '->' (T_OBJECT_OPERATOR)
#0 C:\xampp\htdocs\Graph\lib\Cake\Error\ErrorHandler.php(161): ErrorHandler::handleFatalError(4, 'syntax error, u...', 'C:\xampp\htdocs...', 31)
#1 [internal function]: ErrorHandler::handleError(4, 'syntax error, u...', 'C:\xampp\htdocs...', 31, Array)
#2 C:\xampp\htdocs\Graph\lib\Cake\Core\App.php(926): call_user_func('ErrorHandler::h...', 4, 'syntax error, u...', 'C:\xampp\htdocs...', 31, Array)
#3 C:\xampp\htdocs\Graph\lib\Cake\Core\App.php(899): App::_checkFatalError()
#4 [internal function]: App::shutdown()
#5 {main}
2013-03-18 19:30:25 Error: Fatal Error (1): Call to undefined method CakeEvent::set() in [C:\xampp\htdocs\Graph\app\Controller\UsersController.php, line 33]
2013-03-18 19:30:25 Error: [FatalErrorException] Call to undefined method CakeEvent::set()
#0 C:\xampp\htdocs\Graph\lib\Cake\Error\ErrorHandler.php(161): ErrorHandler::handleFatalError(1, 'Call to undefin...', 'C:\xampp\htdocs...', 33)
#1 [internal function]: ErrorHandler::handleError(1, 'Call to undefin...', 'C:\xampp\htdocs...', 33, Array)
#2 C:\xampp\htdocs\Graph\lib\Cake\Core\App.php(926): call_user_func('ErrorHandler::h...', 1, 'Call to undefin...', 'C:\xampp\htdocs...', 33, Array)
#3 C:\xampp\htdocs\Graph\lib\Cake\Core\App.php(899): App::_checkFatalError()
#4 [internal function]: App::shutdown()
#5 {main}
2013-03-18 19:34:11 Error: Fatal Error (1): Call to undefined method AuthComponent::set() in [C:\xampp\htdocs\Graph\lib\Cake\Controller\Component\AuthComponent.php, line 260]
2013-03-18 19:34:11 Error: [FatalErrorException] Call to undefined method AuthComponent::set()
#0 C:\xampp\htdocs\Graph\lib\Cake\Error\ErrorHandler.php(161): ErrorHandler::handleFatalError(1, 'Call to undefin...', 'C:\xampp\htdocs...', 260)
#1 [internal function]: ErrorHandler::handleError(1, 'Call to undefin...', 'C:\xampp\htdocs...', 260, Array)
#2 C:\xampp\htdocs\Graph\lib\Cake\Core\App.php(926): call_user_func('ErrorHandler::h...', 1, 'Call to undefin...', 'C:\xampp\htdocs...', 260, Array)
#3 C:\xampp\htdocs\Graph\lib\Cake\Core\App.php(899): App::_checkFatalError()
#4 [internal function]: App::shutdown()
#5 {main}
2013-03-18 19:34:59 Error: Fatal Error (1): Call to undefined method AuthComponent::set() in [C:\xampp\htdocs\Graph\lib\Cake\Controller\Component\AuthComponent.php, line 258]
2013-03-18 19:34:59 Error: [FatalErrorException] Call to undefined method AuthComponent::set()
#0 C:\xampp\htdocs\Graph\lib\Cake\Error\ErrorHandler.php(161): ErrorHandler::handleFatalError(1, 'Call to undefin...', 'C:\xampp\htdocs...', 258)
#1 [internal function]: ErrorHandler::handleError(1, 'Call to undefin...', 'C:\xampp\htdocs...', 258, Array)
#2 C:\xampp\htdocs\Graph\lib\Cake\Core\App.php(926): call_user_func('ErrorHandler::h...', 1, 'Call to undefin...', 'C:\xampp\htdocs...', 258, Array)
#3 C:\xampp\htdocs\Graph\lib\Cake\Core\App.php(899): App::_checkFatalError()
#4 [internal function]: App::shutdown()
#5 {main}
2013-03-18 19:35:01 Error: Fatal Error (1): Call to undefined method AuthComponent::set() in [C:\xampp\htdocs\Graph\lib\Cake\Controller\Component\AuthComponent.php, line 258]
2013-03-18 19:35:01 Error: [FatalErrorException] Call to undefined method AuthComponent::set()
#0 C:\xampp\htdocs\Graph\lib\Cake\Error\ErrorHandler.php(161): ErrorHandler::handleFatalError(1, 'Call to undefin...', 'C:\xampp\htdocs...', 258)
#1 [internal function]: ErrorHandler::handleError(1, 'Call to undefin...', 'C:\xampp\htdocs...', 258, Array)
#2 C:\xampp\htdocs\Graph\lib\Cake\Core\App.php(926): call_user_func('ErrorHandler::h...', 1, 'Call to undefin...', 'C:\xampp\htdocs...', 258, Array)
#3 C:\xampp\htdocs\Graph\lib\Cake\Core\App.php(899): App::_checkFatalError()
#4 [internal function]: App::shutdown()
#5 {main}
2013-03-18 19:37:02 Error: Fatal Error (1): Call to undefined method AuthComponent::set() in [C:\xampp\htdocs\Graph\lib\Cake\Controller\Component\AuthComponent.php, line 258]
2013-03-18 19:37:02 Error: [FatalErrorException] Call to undefined method AuthComponent::set()
#0 C:\xampp\htdocs\Graph\lib\Cake\Error\ErrorHandler.php(161): ErrorHandler::handleFatalError(1, 'Call to undefin...', 'C:\xampp\htdocs...', 258)
#1 [internal function]: ErrorHandler::handleError(1, 'Call to undefin...', 'C:\xampp\htdocs...', 258, Array)
#2 C:\xampp\htdocs\Graph\lib\Cake\Core\App.php(926): call_user_func('ErrorHandler::h...', 1, 'Call to undefin...', 'C:\xampp\htdocs...', 258, Array)
#3 C:\xampp\htdocs\Graph\lib\Cake\Core\App.php(899): App::_checkFatalError()
#4 [internal function]: App::shutdown()
#5 {main}
2013-03-18 19:50:31 Error: Fatal Error (4): syntax error, unexpected '{' in [C:\xampp\htdocs\Graph\app\View\Layouts\default.ctp, line 51]
2013-03-18 19:50:31 Error: [FatalErrorException] syntax error, unexpected '{'
#0 C:\xampp\htdocs\Graph\lib\Cake\Error\ErrorHandler.php(161): ErrorHandler::handleFatalError(4, 'syntax error, u...', 'C:\xampp\htdocs...', 51)
#1 [internal function]: ErrorHandler::handleError(4, 'syntax error, u...', 'C:\xampp\htdocs...', 51, Array)
#2 C:\xampp\htdocs\Graph\lib\Cake\Core\App.php(926): call_user_func('ErrorHandler::h...', 4, 'syntax error, u...', 'C:\xampp\htdocs...', 51, Array)
#3 C:\xampp\htdocs\Graph\lib\Cake\Core\App.php(899): App::_checkFatalError()
#4 [internal function]: App::shutdown()
#5 {main}
2013-03-18 19:51:43 Error: [MissingViewException] View file "C:\xampp\htdocs\Graph\app\View\Users\logout.ctp" is missing.
#0 C:\xampp\htdocs\Graph\lib\Cake\View\View.php(467): View->_getViewFileName(NULL)
#1 C:\xampp\htdocs\Graph\lib\Cake\Controller\Controller.php(955): View->render(NULL, NULL)
#2 C:\xampp\htdocs\Graph\lib\Cake\Routing\Dispatcher.php(193): Controller->render()
#3 C:\xampp\htdocs\Graph\lib\Cake\Routing\Dispatcher.php(161): Dispatcher->_invoke(Object(UsersController), Object(CakeRequest), Object(CakeResponse))
#4 C:\xampp\htdocs\Graph\app\webroot\index.php(97): Dispatcher->dispatch(Object(CakeRequest), Object(CakeResponse))
#5 {main}
2013-03-18 19:51:44 Error: [MissingViewException] View file "C:\xampp\htdocs\Graph\app\View\Users\logout.ctp" is missing.
#0 C:\xampp\htdocs\Graph\lib\Cake\View\View.php(467): View->_getViewFileName(NULL)
#1 C:\xampp\htdocs\Graph\lib\Cake\Controller\Controller.php(955): View->render(NULL, NULL)
#2 C:\xampp\htdocs\Graph\lib\Cake\Routing\Dispatcher.php(193): Controller->render()
#3 C:\xampp\htdocs\Graph\lib\Cake\Routing\Dispatcher.php(161): Dispatcher->_invoke(Object(UsersController), Object(CakeRequest), Object(CakeResponse))
#4 C:\xampp\htdocs\Graph\app\webroot\index.php(97): Dispatcher->dispatch(Object(CakeRequest), Object(CakeResponse))
#5 {main}
2013-03-18 19:53:33 Error: [MissingViewException] View file "C:\xampp\htdocs\Graph\app\View\Users\logout.ctp" is missing.
#0 C:\xampp\htdocs\Graph\lib\Cake\View\View.php(467): View->_getViewFileName(NULL)
#1 C:\xampp\htdocs\Graph\lib\Cake\Controller\Controller.php(955): View->render(NULL, NULL)
#2 C:\xampp\htdocs\Graph\lib\Cake\Routing\Dispatcher.php(193): Controller->render()
#3 C:\xampp\htdocs\Graph\lib\Cake\Routing\Dispatcher.php(161): Dispatcher->_invoke(Object(UsersController), Object(CakeRequest), Object(CakeResponse))
#4 C:\xampp\htdocs\Graph\app\webroot\index.php(97): Dispatcher->dispatch(Object(CakeRequest), Object(CakeResponse))
#5 {main}
2013-03-18 23:19:23 Error: [PDOException] SQLSTATE[42S22]: Column not found: 1054 Unknown column 'Array' in 'where clause'
#0 C:\xampp\htdocs\Graph\lib\Cake\Model\Datasource\DboSource.php(459): PDOStatement->execute(Array)
#1 C:\xampp\htdocs\Graph\lib\Cake\Model\Datasource\DboSource.php(425): DboSource->_execute('SELECT COUNT(*)...', Array)
#2 C:\xampp\htdocs\Graph\lib\Cake\Model\Datasource\DboSource.php(669): DboSource->execute('SELECT COUNT(*)...', Array, Array)
#3 C:\xampp\htdocs\Graph\lib\Cake\Model\Datasource\DboSource.php(1080): DboSource->fetchAll('SELECT COUNT(*)...', false)
#4 C:\xampp\htdocs\Graph\lib\Cake\Model\Model.php(2674): DboSource->read(Object(User), Array)
#5 C:\xampp\htdocs\Graph\lib\Cake\Model\Model.php(2596): Model->find('count', Array)
#6 C:\xampp\htdocs\Graph\lib\Cake\Model\Model.php(1642): Model->exists()
#7 C:\xampp\htdocs\Graph\lib\Cake\Model\Model.php(1591): Model->save(Array, Array)
#8 C:\xampp\htdocs\Graph\app\Controller\UsersController.php(81): Model->saveField('is_active', '0')
#9 [internal function]: UsersController->resetpass()
#10 C:\xampp\htdocs\Graph\lib\Cake\Controller\Controller.php(485): ReflectionMethod->invokeArgs(Object(UsersController), Array)
#11 C:\xampp\htdocs\Graph\lib\Cake\Routing\Dispatcher.php(186): Controller->invokeAction(Object(CakeRequest))
#12 C:\xampp\htdocs\Graph\lib\Cake\Routing\Dispatcher.php(161): Dispatcher->_invoke(Object(UsersController), Object(CakeRequest), Object(CakeResponse))
#13 C:\xampp\htdocs\Graph\app\webroot\index.php(97): Dispatcher->dispatch(Object(CakeRequest), Object(CakeResponse))
#14 {main}
2013-03-18 23:20:28 Error: [PDOException] SQLSTATE[42S22]: Column not found: 1054 Unknown column 'Array' in 'where clause'
#0 C:\xampp\htdocs\Graph\lib\Cake\Model\Datasource\DboSource.php(459): PDOStatement->execute(Array)
#1 C:\xampp\htdocs\Graph\lib\Cake\Model\Datasource\DboSource.php(425): DboSource->_execute('SELECT COUNT(*)...', Array)
#2 C:\xampp\htdocs\Graph\lib\Cake\Model\Datasource\DboSource.php(669): DboSource->execute('SELECT COUNT(*)...', Array, Array)
#3 C:\xampp\htdocs\Graph\lib\Cake\Model\Datasource\DboSource.php(1080): DboSource->fetchAll('SELECT COUNT(*)...', false)
#4 C:\xampp\htdocs\Graph\lib\Cake\Model\Model.php(2674): DboSource->read(Object(User), Array)
#5 C:\xampp\htdocs\Graph\lib\Cake\Model\Model.php(2596): Model->find('count', Array)
#6 C:\xampp\htdocs\Graph\lib\Cake\Model\Model.php(1642): Model->exists()
#7 C:\xampp\htdocs\Graph\lib\Cake\Model\Model.php(1591): Model->save(Array, Array)
#8 C:\xampp\htdocs\Graph\app\Controller\UsersController.php(81): Model->saveField('is_active', '0')
#9 [internal function]: UsersController->resetpass()
#10 C:\xampp\htdocs\Graph\lib\Cake\Controller\Controller.php(485): ReflectionMethod->invokeArgs(Object(UsersController), Array)
#11 C:\xampp\htdocs\Graph\lib\Cake\Routing\Dispatcher.php(186): Controller->invokeAction(Object(CakeRequest))
#12 C:\xampp\htdocs\Graph\lib\Cake\Routing\Dispatcher.php(161): Dispatcher->_invoke(Object(UsersController), Object(CakeRequest), Object(CakeResponse))
#13 C:\xampp\htdocs\Graph\app\webroot\index.php(97): Dispatcher->dispatch(Object(CakeRequest), Object(CakeResponse))
#14 {main}
2013-03-18 23:21:01 Error: [PDOException] SQLSTATE[42S22]: Column not found: 1054 Unknown column 'Array' in 'where clause'
#0 C:\xampp\htdocs\Graph\lib\Cake\Model\Datasource\DboSource.php(459): PDOStatement->execute(Array)
#1 C:\xampp\htdocs\Graph\lib\Cake\Model\Datasource\DboSource.php(425): DboSource->_execute('SELECT COUNT(*)...', Array)
#2 C:\xampp\htdocs\Graph\lib\Cake\Model\Datasource\DboSource.php(669): DboSource->execute('SELECT COUNT(*)...', Array, Array)
#3 C:\xampp\htdocs\Graph\lib\Cake\Model\Datasource\DboSource.php(1080): DboSource->fetchAll('SELECT COUNT(*)...', false)
#4 C:\xampp\htdocs\Graph\lib\Cake\Model\Model.php(2674): DboSource->read(Object(User), Array)
#5 C:\xampp\htdocs\Graph\lib\Cake\Model\Model.php(2596): Model->find('count', Array)
#6 C:\xampp\htdocs\Graph\lib\Cake\Model\Model.php(1642): Model->exists()
#7 C:\xampp\htdocs\Graph\lib\Cake\Model\Model.php(1591): Model->save(Array, Array)
#8 C:\xampp\htdocs\Graph\app\Controller\UsersController.php(81): Model->saveField('is_active', '0')
#9 [internal function]: UsersController->resetpass()
#10 C:\xampp\htdocs\Graph\lib\Cake\Controller\Controller.php(485): ReflectionMethod->invokeArgs(Object(UsersController), Array)
#11 C:\xampp\htdocs\Graph\lib\Cake\Routing\Dispatcher.php(186): Controller->invokeAction(Object(CakeRequest))
#12 C:\xampp\htdocs\Graph\lib\Cake\Routing\Dispatcher.php(161): Dispatcher->_invoke(Object(UsersController), Object(CakeRequest), Object(CakeResponse))
#13 C:\xampp\htdocs\Graph\app\webroot\index.php(97): Dispatcher->dispatch(Object(CakeRequest), Object(CakeResponse))
#14 {main}
2013-03-18 23:21:36 Error: Fatal Error (4): syntax error, unexpected '}' in [C:\xampp\htdocs\Graph\app\Controller\UsersController.php, line 84]
2013-03-18 23:21:36 Error: [FatalErrorException] syntax error, unexpected '}'
#0 C:\xampp\htdocs\Graph\lib\Cake\Error\ErrorHandler.php(161): ErrorHandler::handleFatalError(4, 'syntax error, u...', 'C:\xampp\htdocs...', 84)
#1 [internal function]: ErrorHandler::handleError(4, 'syntax error, u...', 'C:\xampp\htdocs...', 84, Array)
#2 C:\xampp\htdocs\Graph\lib\Cake\Core\App.php(926): call_user_func('ErrorHandler::h...', 4, 'syntax error, u...', 'C:\xampp\htdocs...', 84, Array)
#3 C:\xampp\htdocs\Graph\lib\Cake\Core\App.php(899): App::_checkFatalError()
#4 [internal function]: App::shutdown()
#5 {main}
2013-03-18 23:54:41 Error: Fatal Error (4): syntax error, unexpected '}', expecting ',' or ';' in [C:\xampp\htdocs\Graph\app\Controller\UsersController.php, line 75]
2013-03-18 23:54:41 Error: [FatalErrorException] syntax error, unexpected '}', expecting ',' or ';'
#0 C:\xampp\htdocs\Graph\lib\Cake\Error\ErrorHandler.php(161): ErrorHandler::handleFatalError(4, 'syntax error, u...', 'C:\xampp\htdocs...', 75)
#1 [internal function]: ErrorHandler::handleError(4, 'syntax error, u...', 'C:\xampp\htdocs...', 75, Array)
#2 C:\xampp\htdocs\Graph\lib\Cake\Core\App.php(926): call_user_func('ErrorHandler::h...', 4, 'syntax error, u...', 'C:\xampp\htdocs...', 75, Array)
#3 C:\xampp\htdocs\Graph\lib\Cake\Core\App.php(899): App::_checkFatalError()
#4 [internal function]: App::shutdown()
#5 {main}
2013-03-18 23:54:48 Error: Fatal Error (1): Call to undefined function login() in [C:\xampp\htdocs\Graph\app\Controller\UsersController.php, line 73]
2013-03-18 23:54:48 Error: [FatalErrorException] Call to undefined function login()
#0 C:\xampp\htdocs\Graph\lib\Cake\Error\ErrorHandler.php(161): ErrorHandler::handleFatalError(1, 'Call to undefin...', 'C:\xampp\htdocs...', 73)
#1 [internal function]: ErrorHandler::handleError(1, 'Call to undefin...', 'C:\xampp\htdocs...', 73, Array)
#2 C:\xampp\htdocs\Graph\lib\Cake\Core\App.php(926): call_user_func('ErrorHandler::h...', 1, 'Call to undefin...', 'C:\xampp\htdocs...', 73, Array)
#3 C:\xampp\htdocs\Graph\lib\Cake\Core\App.php(899): App::_checkFatalError()
#4 [internal function]: App::shutdown()
#5 {main}
